<?xml version="1.0" encoding="utf-8" standalone="no"?>
<!--This file represents the results of running a test suite-->
<test-results name="C:\Users\Haplo\Desktop\Info\Csharp\NwdStudents\NwdStudents\Nwd.Tests\bin\Debug\Nwd.Tests.dll" total="3" errors="0" failures="0" not-run="0" inconclusive="0" ignored="0" skipped="0" invalid="0" date="2015-05-22" time="12:05:29">
  <environment nunit-version="2.6.4.14350" clr-version="2.0.50727.5485" os-version="Microsoft Windows NT 6.1.7601 Service Pack 1" platform="Win32NT" cwd="C:\Users\Haplo\Desktop\Info\Csharp\NwdStudents\NwdStudents\Nwd.Tests\bin\Debug" machine-name="HAPLO-PC" user="Haplo" user-domain="Haplo-PC" />
  <culture-info current-culture="fr-FR" current-uiculture="fr-FR" />
  <test-suite type="Assembly" name="C:\Users\Haplo\Desktop\Info\Csharp\NwdStudents\NwdStudents\Nwd.Tests\bin\Debug\Nwd.Tests.dll" executed="True" result="Success" success="True" time="1.049" asserts="0">
    <results>
      <test-suite type="Namespace" name="Nwd" executed="True" result="Success" success="True" time="1.048" asserts="0">
        <results>
          <test-suite type="Namespace" name="Tests" executed="True" result="Success" success="True" time="1.048" asserts="0">
            <results>
              <test-suite type="TestFixture" name="AlbumRepositoryTests" executed="True" result="Success" success="True" time="1.048" asserts="0">
                <results>
                  <test-case name="Nwd.Tests.AlbumRepositoryTests.Create_Album_With_No_Tracks" executed="True" result="Success" success="True" time="0.960" asserts="1" />
                  <test-case name="Nwd.Tests.AlbumRepositoryTests.Create_Album_With_Tracks" executed="True" result="Success" success="True" time="0.073" asserts="2" />
                  <test-case name="Nwd.Tests.AlbumRepositoryTests.Edit_Album" executed="True" result="Success" success="True" time="0.008" asserts="2" />
                </results>
              </test-suite>
            </results>
          </test-suite>
        </results>
      </test-suite>
    </results>
  </test-suite>
</test-results>